12.03.2024 22-06-07 ERROR C:\Users\User\Documents\Python\skillfactory\django_projects\news_portal\venv\lib\site-packages\django\utils\log.py Internal Server Error: /news/ (<class 'django.urls.exceptions.NoReverseMatch'>, NoReverseMatch("Reverse for 'set_language' not found. 'set_language' is not a valid view function or pattern name."), <traceback object at 0x0000022ADFCCB940>)
Traceback (most recent call last):
  File "C:\Users\User\Documents\Python\skillfactory\django_projects\news_portal\venv\lib\site-packages\django\core\handlers\exception.py", line 55, in inner
    response = get_response(request)
  File "C:\Users\User\Documents\Python\skillfactory\django_projects\news_portal\venv\lib\site-packages\django\core\handlers\base.py", line 220, in _get_response
    response = response.render()
  File "C:\Users\User\Documents\Python\skillfactory\django_projects\news_portal\venv\lib\site-packages\django\template\response.py", line 114, in render
    self.content = self.rendered_content
  File "C:\Users\User\Documents\Python\skillfactory\django_projects\news_portal\venv\lib\site-packages\django\template\response.py", line 92, in rendered_content
    return template.render(context, self._request)
  File "C:\Users\User\Documents\Python\skillfactory\django_projects\news_portal\venv\lib\site-packages\django\template\backends\django.py", line 61, in render
    return self.template.render(context)
  File "C:\Users\User\Documents\Python\skillfactory\django_projects\news_portal\venv\lib\site-packages\django\template\base.py", line 171, in render
    return self._render(context)
  File "C:\Users\User\Documents\Python\skillfactory\django_projects\news_portal\venv\lib\site-packages\django\template\base.py", line 163, in _render
    return self.nodelist.render(context)
  File "C:\Users\User\Documents\Python\skillfactory\django_projects\news_portal\venv\lib\site-packages\django\template\base.py", line 1000, in render
    return SafeString("".join([node.render_annotated(context) for node in self]))
  File "C:\Users\User\Documents\Python\skillfactory\django_projects\news_portal\venv\lib\site-packages\django\template\base.py", line 1000, in <listcomp>
    return SafeString("".join([node.render_annotated(context) for node in self]))
  File "C:\Users\User\Documents\Python\skillfactory\django_projects\news_portal\venv\lib\site-packages\django\template\base.py", line 961, in render_annotated
    return self.render(context)
  File "C:\Users\User\Documents\Python\skillfactory\django_projects\news_portal\venv\lib\site-packages\django\template\loader_tags.py", line 159, in render
    return compiled_parent._render(context)
  File "C:\Users\User\Documents\Python\skillfactory\django_projects\news_portal\venv\lib\site-packages\django\template\base.py", line 163, in _render
    return self.nodelist.render(context)
  File "C:\Users\User\Documents\Python\skillfactory\django_projects\news_portal\venv\lib\site-packages\django\template\base.py", line 1000, in render
    return SafeString("".join([node.render_annotated(context) for node in self]))
  File "C:\Users\User\Documents\Python\skillfactory\django_projects\news_portal\venv\lib\site-packages\django\template\base.py", line 1000, in <listcomp>
    return SafeString("".join([node.render_annotated(context) for node in self]))
  File "C:\Users\User\Documents\Python\skillfactory\django_projects\news_portal\venv\lib\site-packages\django\template\base.py", line 961, in render_annotated
    return self.render(context)
  File "C:\Users\User\Documents\Python\skillfactory\django_projects\news_portal\venv\lib\site-packages\django\template\defaulttags.py", line 478, in render
    url = reverse(view_name, args=args, kwargs=kwargs, current_app=current_app)
  File "C:\Users\User\Documents\Python\skillfactory\django_projects\news_portal\venv\lib\site-packages\django\urls\base.py", line 88, in reverse
    return resolver._reverse_with_prefix(view, prefix, *args, **kwargs)
  File "C:\Users\User\Documents\Python\skillfactory\django_projects\news_portal\venv\lib\site-packages\django\urls\resolvers.py", line 848, in _reverse_with_prefix
    raise NoReverseMatch(msg)
django.urls.exceptions.NoReverseMatch: Reverse for 'set_language' not found. 'set_language' is not a valid view function or pattern name.
12.03.2024 22-06-07 ERROR C:\Users\User\Documents\Python\skillfactory\django_projects\news_portal\venv\lib\site-packages\django\core\servers\basehttp.py "GET /news/ HTTP/1.1" 500 240801 None
12.03.2024 22-06-23 ERROR C:\Users\User\Documents\Python\skillfactory\django_projects\news_portal\venv\lib\site-packages\django\utils\log.py Internal Server Error: /accounts/login/ (<class 'django.urls.exceptions.NoReverseMatch'>, NoReverseMatch("Reverse for 'set_language' not found. 'set_language' is not a valid view function or pattern name."), <traceback object at 0x0000022ADF8BC800>)
Traceback (most recent call last):
  File "C:\Users\User\Documents\Python\skillfactory\django_projects\news_portal\venv\lib\site-packages\django\core\handlers\exception.py", line 55, in inner
    response = get_response(request)
  File "C:\Users\User\Documents\Python\skillfactory\django_projects\news_portal\venv\lib\site-packages\django\core\handlers\base.py", line 220, in _get_response
    response = response.render()
  File "C:\Users\User\Documents\Python\skillfactory\django_projects\news_portal\venv\lib\site-packages\django\template\response.py", line 114, in render
    self.content = self.rendered_content
  File "C:\Users\User\Documents\Python\skillfactory\django_projects\news_portal\venv\lib\site-packages\django\template\response.py", line 92, in rendered_content
    return template.render(context, self._request)
  File "C:\Users\User\Documents\Python\skillfactory\django_projects\news_portal\venv\lib\site-packages\django\template\backends\django.py", line 61, in render
    return self.template.render(context)
  File "C:\Users\User\Documents\Python\skillfactory\django_projects\news_portal\venv\lib\site-packages\django\template\base.py", line 171, in render
    return self._render(context)
  File "C:\Users\User\Documents\Python\skillfactory\django_projects\news_portal\venv\lib\site-packages\django\template\base.py", line 163, in _render
    return self.nodelist.render(context)
  File "C:\Users\User\Documents\Python\skillfactory\django_projects\news_portal\venv\lib\site-packages\django\template\base.py", line 1000, in render
    return SafeString("".join([node.render_annotated(context) for node in self]))
  File "C:\Users\User\Documents\Python\skillfactory\django_projects\news_portal\venv\lib\site-packages\django\template\base.py", line 1000, in <listcomp>
    return SafeString("".join([node.render_annotated(context) for node in self]))
  File "C:\Users\User\Documents\Python\skillfactory\django_projects\news_portal\venv\lib\site-packages\django\template\base.py", line 961, in render_annotated
    return self.render(context)
  File "C:\Users\User\Documents\Python\skillfactory\django_projects\news_portal\venv\lib\site-packages\django\template\loader_tags.py", line 159, in render
    return compiled_parent._render(context)
  File "C:\Users\User\Documents\Python\skillfactory\django_projects\news_portal\venv\lib\site-packages\django\template\base.py", line 163, in _render
    return self.nodelist.render(context)
  File "C:\Users\User\Documents\Python\skillfactory\django_projects\news_portal\venv\lib\site-packages\django\template\base.py", line 1000, in render
    return SafeString("".join([node.render_annotated(context) for node in self]))
  File "C:\Users\User\Documents\Python\skillfactory\django_projects\news_portal\venv\lib\site-packages\django\template\base.py", line 1000, in <listcomp>
    return SafeString("".join([node.render_annotated(context) for node in self]))
  File "C:\Users\User\Documents\Python\skillfactory\django_projects\news_portal\venv\lib\site-packages\django\template\base.py", line 961, in render_annotated
    return self.render(context)
  File "C:\Users\User\Documents\Python\skillfactory\django_projects\news_portal\venv\lib\site-packages\django\template\loader_tags.py", line 159, in render
    return compiled_parent._render(context)
  File "C:\Users\User\Documents\Python\skillfactory\django_projects\news_portal\venv\lib\site-packages\django\template\base.py", line 163, in _render
    return self.nodelist.render(context)
  File "C:\Users\User\Documents\Python\skillfactory\django_projects\news_portal\venv\lib\site-packages\django\template\base.py", line 1000, in render
    return SafeString("".join([node.render_annotated(context) for node in self]))
  File "C:\Users\User\Documents\Python\skillfactory\django_projects\news_portal\venv\lib\site-packages\django\template\base.py", line 1000, in <listcomp>
    return SafeString("".join([node.render_annotated(context) for node in self]))
  File "C:\Users\User\Documents\Python\skillfactory\django_projects\news_portal\venv\lib\site-packages\django\template\base.py", line 961, in render_annotated
    return self.render(context)
  File "C:\Users\User\Documents\Python\skillfactory\django_projects\news_portal\venv\lib\site-packages\django\template\loader_tags.py", line 159, in render
    return compiled_parent._render(context)
  File "C:\Users\User\Documents\Python\skillfactory\django_projects\news_portal\venv\lib\site-packages\django\template\base.py", line 163, in _render
    return self.nodelist.render(context)
  File "C:\Users\User\Documents\Python\skillfactory\django_projects\news_portal\venv\lib\site-packages\django\template\base.py", line 1000, in render
    return SafeString("".join([node.render_annotated(context) for node in self]))
  File "C:\Users\User\Documents\Python\skillfactory\django_projects\news_portal\venv\lib\site-packages\django\template\base.py", line 1000, in <listcomp>
    return SafeString("".join([node.render_annotated(context) for node in self]))
  File "C:\Users\User\Documents\Python\skillfactory\django_projects\news_portal\venv\lib\site-packages\django\template\base.py", line 961, in render_annotated
    return self.render(context)
  File "C:\Users\User\Documents\Python\skillfactory\django_projects\news_portal\venv\lib\site-packages\django\template\loader_tags.py", line 159, in render
    return compiled_parent._render(context)
  File "C:\Users\User\Documents\Python\skillfactory\django_projects\news_portal\venv\lib\site-packages\django\template\base.py", line 163, in _render
    return self.nodelist.render(context)
  File "C:\Users\User\Documents\Python\skillfactory\django_projects\news_portal\venv\lib\site-packages\django\template\base.py", line 1000, in render
    return SafeString("".join([node.render_annotated(context) for node in self]))
  File "C:\Users\User\Documents\Python\skillfactory\django_projects\news_portal\venv\lib\site-packages\django\template\base.py", line 1000, in <listcomp>
    return SafeString("".join([node.render_annotated(context) for node in self]))
  File "C:\Users\User\Documents\Python\skillfactory\django_projects\news_portal\venv\lib\site-packages\django\template\base.py", line 961, in render_annotated
    return self.render(context)
  File "C:\Users\User\Documents\Python\skillfactory\django_projects\news_portal\venv\lib\site-packages\django\template\defaulttags.py", line 478, in render
    url = reverse(view_name, args=args, kwargs=kwargs, current_app=current_app)
  File "C:\Users\User\Documents\Python\skillfactory\django_projects\news_portal\venv\lib\site-packages\django\urls\base.py", line 88, in reverse
    return resolver._reverse_with_prefix(view, prefix, *args, **kwargs)
  File "C:\Users\User\Documents\Python\skillfactory\django_projects\news_portal\venv\lib\site-packages\django\urls\resolvers.py", line 848, in _reverse_with_prefix
    raise NoReverseMatch(msg)
django.urls.exceptions.NoReverseMatch: Reverse for 'set_language' not found. 'set_language' is not a valid view function or pattern name.
12.03.2024 22-06-24 ERROR C:\Users\User\Documents\Python\skillfactory\django_projects\news_portal\venv\lib\site-packages\django\core\servers\basehttp.py "GET /accounts/login/?next=/news/profile/ HTTP/1.1" 500 231548 None
